<?xml version="1.0" encoding="UTF-8"?>
<!-- Generated by org.testng.reporters.JUnitReportReporter -->
<testsuite hostname="LAPTOP-T6DJMNG3" name="TestCases.CreatingDbAndForest" tests="4" failures="0" timestamp="18 Jul 2019 11:46:44 GMT" time="36.662" errors="0">
  <testcase name="verifyOutput" time="0.070" classname="TestCases.CreatingDbAndForest"/>
  <testcase name="createDbAndForest" time="18.885" classname="TestCases.CreatingDbAndForest"/>
  <testcase name="InsertData" time="11.487" classname="TestCases.CreatingDbAndForest"/>
  <testcase name="validateAdminInterface" time="6.220" classname="TestCases.CreatingDbAndForest"/>
</testsuite> <!-- TestCases.CreatingDbAndForest -->
