<?xml version="1.0" encoding="UTF-8"?>
<!-- Generated by org.testng.reporters.JUnitReportReporter -->
<testsuite hostname="LAPTOP-T6DJMNG3" name="maven.auto.config.MarkLogic.AppTest" tests="1" failures="0" timestamp="18 Jul 2019 05:37:38 GMT" time="0.005" errors="0">
  <testcase name="testApp" time="0.005" classname="maven.auto.config.MarkLogic.AppTest"/>
</testsuite> <!-- maven.auto.config.MarkLogic.AppTest -->
